[19:02:24] Using the in-memory credential store as the operating system's credential store could not be accessed. Please see https://aka.ms/vscode-server-keyring on how to set this up. Details: Cannot find module '../build/Release/keytar.node'
Require stack:
- /app/code-server/lib/vscode/node_modules/keytar/lib/keytar.js
- /app/code-server/lib/vscode/out/bootstrap-amd.js
- /app/code-server/out/node/util.js
- /app/code-server/out/node/cli.js
- /app/code-server/out/node/entry.js
Error: Unexpected SIGPIPE
    at process.<anonymous> (/app/code-server/lib/vscode/out/bootstrap.js:1:407)
    at process.emit (node:events:402:35)
[01:45:43] Error: Unexpected SIGPIPE
    at process.<anonymous> (/app/code-server/lib/vscode/out/vs/server/node/server.main.js:146:7923)
    at process.emit (node:events:402:35)
a socket was left hanging
[23:45:22] Using the in-memory credential store as the operating system's credential store could not be accessed. Please see https://aka.ms/vscode-server-keyring on how to set this up. Details: Cannot find module '../build/Release/keytar.node'
Require stack:
- /app/code-server/lib/vscode/node_modules/keytar/lib/keytar.js
- /app/code-server/lib/vscode/out/bootstrap-amd.js
- /app/code-server/out/node/util.js
- /app/code-server/out/node/cli.js
- /app/code-server/out/node/entry.js
