[2022-08-24 00:00:00.000 -04:00] [INF] [57] Emby.Server.Implementations.ScheduledTasks.TaskManager: Executing "Playback Reporting Trim Db"
[2022-08-24 00:00:00.001 -04:00] [INF] [57] Jellyfin.Plugin.PlaybackReporting.TaskCleanDb: Playback Reporting Data Trim
[2022-08-24 00:00:00.002 -04:00] [INF] [57] Jellyfin.Plugin.PlaybackReporting.TaskCleanDb: MaxDataAge : 3
[2022-08-24 00:00:00.002 -04:00] [INF] [57] Jellyfin.Plugin.PlaybackReporting.Data.ActivityRepository: DeleteOldData : "delete from PlaybackActivity where DateCreated < '2022-05-24 00:00:00.002141'"
[2022-08-24 00:00:00.003 -04:00] [INF] [57] Emby.Server.Implementations.ScheduledTasks.TaskManager: "Playback Reporting Trim Db" Completed after 0 minute(s) and 0 seconds
[2022-08-24 00:00:00.005 -04:00] [INF] [57] Emby.Server.Implementations.ScheduledTasks.TaskManager: ExecuteQueuedTasks
[2022-08-24 00:00:01.000 -04:00] [INF] [57] Emby.Server.Implementations.ScheduledTasks.TaskManager: Daily trigger for "Playback Reporting Trim Db" set to fire at 2022-08-25 00:00:00.000 -04:00, which is 23:59:58.9993623 from now.
[2022-08-24 01:15:33.461 -04:00] [INF] [52] Emby.Server.Implementations.ScheduledTasks.TaskManager: "IntervalTrigger" fired for task: "Download missing subtitles"
[2022-08-24 01:15:33.461 -04:00] [INF] [52] Emby.Server.Implementations.ScheduledTasks.TaskManager: Queuing task "SubtitleScheduledTask"
[2022-08-24 01:15:33.464 -04:00] [INF] [86] Emby.Server.Implementations.ScheduledTasks.TaskManager: Executing "Download missing subtitles"
[2022-08-24 01:15:33.465 -04:00] [INF] [86] Emby.Server.Implementations.ScheduledTasks.TaskManager: "Download missing subtitles" Completed after 0 minute(s) and 0 seconds
[2022-08-24 01:15:33.465 -04:00] [INF] [86] Emby.Server.Implementations.ScheduledTasks.TaskManager: ExecuteQueuedTasks
[2022-08-24 01:15:33.558 -04:00] [INF] [86] Emby.Server.Implementations.ScheduledTasks.TaskManager: "IntervalTrigger" fired for task: "Clean Transcode Directory"
[2022-08-24 01:15:33.558 -04:00] [INF] [86] Emby.Server.Implementations.ScheduledTasks.TaskManager: Queuing task "DeleteTranscodeFileTask"
[2022-08-24 01:15:33.559 -04:00] [INF] [52] Emby.Server.Implementations.ScheduledTasks.TaskManager: Executing "Clean Transcode Directory"
[2022-08-24 01:15:33.560 -04:00] [INF] [52] Emby.Server.Implementations.ScheduledTasks.TaskManager: "Clean Transcode Directory" Completed after 0 minute(s) and 0 seconds
[2022-08-24 01:15:33.561 -04:00] [INF] [52] Emby.Server.Implementations.ScheduledTasks.TaskManager: ExecuteQueuedTasks
[2022-08-24 01:15:33.628 -04:00] [INF] [86] Emby.Server.Implementations.ScheduledTasks.TaskManager: "IntervalTrigger" fired for task: "Clean Log Directory"
[2022-08-24 01:15:33.628 -04:00] [INF] [86] Emby.Server.Implementations.ScheduledTasks.TaskManager: Queuing task "DeleteLogFileTask"
[2022-08-24 01:15:33.628 -04:00] [INF] [86] Emby.Server.Implementations.ScheduledTasks.TaskManager: Executing "Clean Log Directory"
[2022-08-24 01:15:33.629 -04:00] [INF] [86] Emby.Server.Implementations.ScheduledTasks.TaskManager: "Clean Log Directory" Completed after 0 minute(s) and 0 seconds
[2022-08-24 01:15:33.630 -04:00] [INF] [86] Emby.Server.Implementations.ScheduledTasks.TaskManager: ExecuteQueuedTasks
[2022-08-24 01:15:33.763 -04:00] [INF] [86] Emby.Server.Implementations.ScheduledTasks.TaskManager: "IntervalTrigger" fired for task: "Clean Cache Directory"
[2022-08-24 01:15:33.763 -04:00] [INF] [86] Emby.Server.Implementations.ScheduledTasks.TaskManager: Queuing task "DeleteCacheFileTask"
[2022-08-24 01:15:33.763 -04:00] [INF] [86] Emby.Server.Implementations.ScheduledTasks.TaskManager: Executing "Clean Cache Directory"
[2022-08-24 01:15:33.767 -04:00] [INF] [86] Emby.Server.Implementations.ScheduledTasks.TaskManager: "Clean Cache Directory" Completed after 0 minute(s) and 0 seconds
[2022-08-24 01:15:33.768 -04:00] [INF] [86] Emby.Server.Implementations.ScheduledTasks.TaskManager: ExecuteQueuedTasks
[2022-08-24 01:15:33.966 -04:00] [INF] [86] Emby.Server.Implementations.ScheduledTasks.TaskManager: "IntervalTrigger" fired for task: "TasksRefreshChannels"
[2022-08-24 01:15:33.967 -04:00] [INF] [86] Emby.Server.Implementations.ScheduledTasks.TaskManager: Queuing task "RefreshChannelsScheduledTask"
[2022-08-24 01:15:33.967 -04:00] [INF] [52] Emby.Server.Implementations.ScheduledTasks.TaskManager: Executing "TasksRefreshChannels"
[2022-08-24 01:15:33.968 -04:00] [INF] [52] Emby.Server.Implementations.ScheduledTasks.TaskManager: "TasksRefreshChannels" Completed after 0 minute(s) and 0 seconds
[2022-08-24 01:15:33.969 -04:00] [INF] [52] Emby.Server.Implementations.ScheduledTasks.TaskManager: ExecuteQueuedTasks
[2022-08-24 01:15:34.846 -04:00] [INF] [52] Emby.Server.Implementations.ScheduledTasks.TaskManager: "IntervalTrigger" fired for task: "Optimize database"
[2022-08-24 01:15:34.846 -04:00] [INF] [52] Emby.Server.Implementations.ScheduledTasks.TaskManager: Queuing task "OptimizeDatabaseTask"
[2022-08-24 01:15:34.847 -04:00] [INF] [52] Emby.Server.Implementations.ScheduledTasks.TaskManager: Executing "Optimize database"
[2022-08-24 01:15:34.847 -04:00] [INF] [52] Emby.Server.Implementations.ScheduledTasks.Tasks.OptimizeDatabaseTask: Optimizing and vacuuming jellyfin.db...
[2022-08-24 01:15:34.909 -04:00] [INF] [52] Emby.Server.Implementations.ScheduledTasks.Tasks.OptimizeDatabaseTask: jellyfin.db optimized successfully!
[2022-08-24 01:15:34.909 -04:00] [INF] [52] Emby.Server.Implementations.ScheduledTasks.TaskManager: "Optimize database" Completed after 0 minute(s) and 0 seconds
[2022-08-24 01:15:34.910 -04:00] [INF] [52] Emby.Server.Implementations.ScheduledTasks.TaskManager: ExecuteQueuedTasks
[2022-08-24 01:15:45.794 -04:00] [INF] [52] Emby.Server.Implementations.ScheduledTasks.TaskManager: "IntervalTrigger" fired for task: "Scan Media Library"
[2022-08-24 01:15:45.794 -04:00] [INF] [52] Emby.Server.Implementations.ScheduledTasks.TaskManager: Queuing task "RefreshMediaLibraryTask"
[2022-08-24 01:15:45.795 -04:00] [INF] [53] Emby.Server.Implementations.ScheduledTasks.TaskManager: Executing "Scan Media Library"
[2022-08-24 01:15:45.795 -04:00] [INF] [53] Emby.Server.Implementations.IO.LibraryMonitor: Stopping directory watching for path "/data/tvshows"
[2022-08-24 01:15:45.795 -04:00] [INF] [53] Emby.Server.Implementations.IO.LibraryMonitor: Stopping directory watching for path "/data/movies"
[2022-08-24 01:15:45.795 -04:00] [INF] [53] Emby.Server.Implementations.Library.LibraryManager: Validating media library
[2022-08-24 01:15:52.195 -04:00] [INF] [53] Emby.Server.Implementations.ScheduledTasks.TaskManager: "Scan Media Library" Completed after 0 minute(s) and 6 seconds
[2022-08-24 01:15:52.195 -04:00] [INF] [86] Emby.Server.Implementations.IO.LibraryMonitor: Watching directory "/data/movies"
[2022-08-24 01:15:52.196 -04:00] [INF] [53] Emby.Server.Implementations.ScheduledTasks.TaskManager: ExecuteQueuedTasks
[2022-08-24 01:15:52.261 -04:00] [INF] [50] Emby.Server.Implementations.IO.LibraryMonitor: Watching directory "/data/tvshows"
[2022-08-24 01:16:06.933 -04:00] [INF] [84] Emby.Server.Implementations.ScheduledTasks.TaskManager: "IntervalTrigger" fired for task: "Update Plugins"
[2022-08-24 01:16:06.934 -04:00] [INF] [84] Emby.Server.Implementations.ScheduledTasks.TaskManager: Queuing task "PluginUpdateTask"
[2022-08-24 01:16:06.934 -04:00] [INF] [84] Emby.Server.Implementations.ScheduledTasks.TaskManager: Executing "Update Plugins"
[2022-08-24 01:16:08.561 -04:00] [ERR] [66] Emby.Server.Implementations.Updates.InstallationManager: An error occurred while accessing the plugin manifest: "https://repo.codyrobibero.dev/manifest.json"
System.Net.Http.HttpRequestException: Name or service not known (repo.codyrobibero.dev:443)
 ---> System.Net.Sockets.SocketException (0xFFFDFFFF): Name or service not known
   at System.Net.Sockets.Socket.AwaitableSocketAsyncEventArgs.ThrowException(SocketError error, CancellationToken cancellationToken)
   at System.Net.Sockets.Socket.AwaitableSocketAsyncEventArgs.System.Threading.Tasks.Sources.IValueTaskSource.GetResult(Int16 token)
   at System.Net.Sockets.Socket.<ConnectAsync>g__WaitForConnectWithCancellation|277_0(AwaitableSocketAsyncEventArgs saea, ValueTask connectTask, CancellationToken cancellationToken)
   at System.Net.Http.HttpConnectionPool.ConnectToTcpHostAsync(String host, Int32 port, HttpRequestMessage initialRequest, Boolean async, CancellationToken cancellationToken)
   --- End of inner exception stack trace ---
   at System.Net.Http.HttpConnectionPool.ConnectToTcpHostAsync(String host, Int32 port, HttpRequestMessage initialRequest, Boolean async, CancellationToken cancellationToken)
   at System.Net.Http.HttpConnectionPool.ConnectAsync(HttpRequestMessage request, Boolean async, CancellationToken cancellationToken)
   at System.Net.Http.HttpConnectionPool.CreateHttp11ConnectionAsync(HttpRequestMessage request, Boolean async, CancellationToken cancellationToken)
   at System.Net.Http.HttpConnectionPool.AddHttp11ConnectionAsync(HttpRequestMessage request)
   at System.Threading.Tasks.TaskCompletionSourceWithCancellation`1.WaitWithCancellationAsync(CancellationToken cancellationToken)
   at System.Net.Http.HttpConnectionPool.GetHttp11ConnectionAsync(HttpRequestMessage request, Boolean async, CancellationToken cancellationToken)
   at System.Net.Http.HttpConnectionPool.SendWithVersionDetectionAndRetryAsync(HttpRequestMessage request, Boolean async, Boolean doRequestAuth, CancellationToken cancellationToken)
   at System.Net.Http.RedirectHandler.SendAsync(HttpRequestMessage request, Boolean async, CancellationToken cancellationToken)
   at System.Net.Http.DecompressionHandler.SendAsync(HttpRequestMessage request, Boolean async, CancellationToken cancellationToken)
   at Microsoft.Extensions.Http.Logging.LoggingHttpMessageHandler.SendAsync(HttpRequestMessage request, CancellationToken cancellationToken)
   at Microsoft.Extensions.Http.Logging.LoggingScopeHttpMessageHandler.SendAsync(HttpRequestMessage request, CancellationToken cancellationToken)
   at System.Net.Http.HttpClient.<SendAsync>g__Core|83_0(HttpRequestMessage request, HttpCompletionOption completionOption, CancellationTokenSource cts, Boolean disposeCts, CancellationTokenSource pendingRequestsCts, CancellationToken originalCancellationToken)
   at System.Net.Http.Json.HttpClientJsonExtensions.GetFromJsonAsyncCore[T](Task`1 taskResponse, JsonSerializerOptions options, CancellationToken cancellationToken)
   at Emby.Server.Implementations.Updates.InstallationManager.GetPackages(String manifestName, String manifest, Boolean filterIncompatible, CancellationToken cancellationToken)
[2022-08-24 01:16:08.567 -04:00] [INF] [66] Emby.Server.Implementations.ScheduledTasks.TaskManager: "Update Plugins" Completed after 0 minute(s) and 1 seconds
[2022-08-24 01:16:08.567 -04:00] [INF] [66] Emby.Server.Implementations.ScheduledTasks.TaskManager: ExecuteQueuedTasks
[2022-08-24 01:59:59.998 -04:00] [INF] [35] Emby.Server.Implementations.ScheduledTasks.TaskManager: "DailyTrigger" fired for task: "Extract Chapter Images"
[2022-08-24 01:59:59.999 -04:00] [INF] [35] Emby.Server.Implementations.ScheduledTasks.TaskManager: Queuing task "ChapterImagesTask"
[2022-08-24 01:59:59.999 -04:00] [INF] [35] Emby.Server.Implementations.ScheduledTasks.TaskManager: Executing "Extract Chapter Images"
[2022-08-24 02:00:00.001 -04:00] [INF] [35] Emby.Server.Implementations.ScheduledTasks.TaskManager: "Extract Chapter Images" Completed after 0 minute(s) and 0 seconds
[2022-08-24 02:00:00.002 -04:00] [INF] [35] Emby.Server.Implementations.ScheduledTasks.TaskManager: ExecuteQueuedTasks
[2022-08-24 02:00:01.004 -04:00] [INF] [35] Emby.Server.Implementations.ScheduledTasks.TaskManager: Daily trigger for "Extract Chapter Images" set to fire at 2022-08-25 02:00:00.000 -04:00, which is 23:59:58.9952662 from now.
[2022-08-24 02:15:43.600 -04:00] [INF] [23] Emby.Server.Implementations.ScheduledTasks.TaskManager: "IntervalTrigger" fired for task: "Refresh Guide"
[2022-08-24 02:15:43.600 -04:00] [INF] [23] Emby.Server.Implementations.ScheduledTasks.TaskManager: Queuing task "RefreshGuideScheduledTask"
[2022-08-24 02:15:43.601 -04:00] [INF] [23] Emby.Server.Implementations.ScheduledTasks.TaskManager: Executing "Refresh Guide"
[2022-08-24 02:15:46.602 -04:00] [INF] [23] Emby.Server.Implementations.LiveTv.LiveTvManager: Refreshing guide with 7 days of guide data
[2022-08-24 02:15:46.602 -04:00] [INF] [23] Emby.Server.Implementations.ScheduledTasks.TaskManager: "Refresh Guide" Completed after 0 minute(s) and 3 seconds
[2022-08-24 02:15:46.603 -04:00] [INF] [23] Emby.Server.Implementations.ScheduledTasks.TaskManager: ExecuteQueuedTasks
[2022-08-24 03:49:53.745 -04:00] [INF] [78] Emby.Server.Implementations.ScheduledTasks.TaskManager: "IntervalTrigger" fired for task: "Merge All Movies"
[2022-08-24 03:49:53.745 -04:00] [INF] [78] Emby.Server.Implementations.ScheduledTasks.TaskManager: Queuing task "MergeMoviesTask"
[2022-08-24 03:49:53.746 -04:00] [INF] [75] Emby.Server.Implementations.ScheduledTasks.TaskManager: Executing "Merge All Movies"
[2022-08-24 03:49:53.747 -04:00] [INF] [75] Jellyfin.Api.Controllers.VideosController: Starting plugin, Merging Movies
[2022-08-24 03:49:53.748 -04:00] [INF] [75] Jellyfin.Api.Controllers.VideosController: Scanning for repeated movies
[2022-08-24 03:49:53.748 -04:00] [INF] [75] Jellyfin.Api.Controllers.VideosController: All movies merged
[2022-08-24 03:49:53.748 -04:00] [INF] [75] Emby.Server.Implementations.ScheduledTasks.TaskManager: "Merge All Movies" Completed after 0 minute(s) and 0 seconds
[2022-08-24 03:49:53.749 -04:00] [INF] [75] Emby.Server.Implementations.ScheduledTasks.TaskManager: ExecuteQueuedTasks
[2022-08-24 03:49:53.912 -04:00] [INF] [75] Emby.Server.Implementations.ScheduledTasks.TaskManager: "IntervalTrigger" fired for task: "Merge All Episodes"
[2022-08-24 03:49:53.913 -04:00] [INF] [75] Emby.Server.Implementations.ScheduledTasks.TaskManager: Queuing task "MergeEpisodesTask"
[2022-08-24 03:49:53.913 -04:00] [INF] [87] Emby.Server.Implementations.ScheduledTasks.TaskManager: Executing "Merge All Episodes"
[2022-08-24 03:49:53.913 -04:00] [INF] [87] Jellyfin.Api.Controllers.VideosController: Starting plugin, Merging Episodes
[2022-08-24 03:49:53.914 -04:00] [INF] [87] Jellyfin.Api.Controllers.VideosController: Scanning for repeated episodes
[2022-08-24 03:49:53.915 -04:00] [INF] [87] Jellyfin.Api.Controllers.VideosController: Merging Episodes task finished
[2022-08-24 03:49:53.915 -04:00] [INF] [87] Emby.Server.Implementations.ScheduledTasks.TaskManager: "Merge All Episodes" Completed after 0 minute(s) and 0 seconds
[2022-08-24 03:49:53.916 -04:00] [INF] [87] Emby.Server.Implementations.ScheduledTasks.TaskManager: ExecuteQueuedTasks
[2022-08-24 03:49:54.060 -04:00] [INF] [87] Emby.Server.Implementations.ScheduledTasks.TaskManager: "IntervalTrigger" fired for task: "Scan library for new box sets"
[2022-08-24 03:49:54.060 -04:00] [INF] [87] Emby.Server.Implementations.ScheduledTasks.TaskManager: Queuing task "RefreshLibraryTask"
[2022-08-24 03:49:54.061 -04:00] [INF] [87] Emby.Server.Implementations.ScheduledTasks.TaskManager: Executing "Scan library for new box sets"
[2022-08-24 03:49:54.061 -04:00] [INF] [87] Jellyfin.Plugin.TMDbBoxSets.ScheduledTasks.RefreshLibraryTask: Starting TMDbBoxSets refresh library task
[2022-08-24 03:49:54.063 -04:00] [INF] [87] Jellyfin.Plugin.TMDbBoxSets.TMDbBoxSetManager: Found 0 TMDb collection(s) across all movies
[2022-08-24 03:49:54.063 -04:00] [INF] [87] Jellyfin.Plugin.TMDbBoxSets.ScheduledTasks.RefreshLibraryTask: TMDbBoxSets refresh library task finished
[2022-08-24 03:49:54.063 -04:00] [INF] [87] Emby.Server.Implementations.ScheduledTasks.TaskManager: "Scan library for new box sets" Completed after 0 minute(s) and 0 seconds
[2022-08-24 03:49:54.064 -04:00] [INF] [87] Emby.Server.Implementations.ScheduledTasks.TaskManager: ExecuteQueuedTasks
[2022-08-24 13:15:45.793 -04:00] [INF] [39] Emby.Server.Implementations.ScheduledTasks.TaskManager: "IntervalTrigger" fired for task: "Scan Media Library"
[2022-08-24 13:15:45.794 -04:00] [INF] [39] Emby.Server.Implementations.ScheduledTasks.TaskManager: Queuing task "RefreshMediaLibraryTask"
[2022-08-24 13:15:45.794 -04:00] [INF] [23] Emby.Server.Implementations.ScheduledTasks.TaskManager: Executing "Scan Media Library"
[2022-08-24 13:15:45.795 -04:00] [INF] [23] Emby.Server.Implementations.IO.LibraryMonitor: Stopping directory watching for path "/data/tvshows"
[2022-08-24 13:15:45.797 -04:00] [INF] [23] Emby.Server.Implementations.IO.LibraryMonitor: Stopping directory watching for path "/data/movies"
[2022-08-24 13:15:45.797 -04:00] [INF] [23] Emby.Server.Implementations.Library.LibraryManager: Validating media library
[2022-08-24 13:15:51.717 -04:00] [INF] [42] Emby.Server.Implementations.IO.LibraryMonitor: Watching directory "/data/movies"
[2022-08-24 13:15:51.717 -04:00] [INF] [74] Emby.Server.Implementations.IO.LibraryMonitor: Watching directory "/data/tvshows"
[2022-08-24 13:15:51.716 -04:00] [INF] [94] Emby.Server.Implementations.ScheduledTasks.TaskManager: "Scan Media Library" Completed after 0 minute(s) and 5 seconds
[2022-08-24 13:15:51.718 -04:00] [INF] [94] Emby.Server.Implementations.ScheduledTasks.TaskManager: ExecuteQueuedTasks
